f:\svnroot\pl\myydpl\myydpl\plcommon\release\plcommon.pch
f:\svnroot\pl\myydpl\myydpl\plcommon\release\vc140.pdb
f:\svnroot\pl\myydpl\myydpl\plcommon\release\stdafx.obj
f:\svnroot\pl\myydpl\myydpl\plcommon\release\dllmain.obj
f:\svnroot\pl\myydpl\myydpl\plcommon\release\plcommon.obj
f:\svnroot\pl\myydpl\myydpl\release\plcommon.dll
f:\svnroot\pl\myydpl\myydpl\release\plcommon.ipdb
f:\svnroot\pl\myydpl\myydpl\release\plcommon.iobj
f:\svnroot\pl\myydpl\myydpl\release\plcommon.pdb
f:\svnroot\pl\myydpl\myydpl\release\plcommon.lib
f:\svnroot\pl\myydpl\myydpl\release\plcommon.exp
f:\newroot\pl\myydpl\myydpl\plcommon\release\dllmain.obj
f:\newroot\pl\myydpl\myydpl\plcommon\release\plcommon.obj
f:\newroot\pl\myydpl\myydpl\plcommon\release\stdafx.obj
f:\newroot\pl\myydpl\myydpl\plcommon\release\plcommon.pch
f:\newroot\pl\myydpl\myydpl\plcommon\release\vc140.pdb
f:\newroot\pl\myydpl\myydpl\release\plcommon.pdb
f:\newroot\pl\myydpl\myydpl\release\plcommon.dll
f:\newroot\pl\myydpl\myydpl\plcommon\release\plcommon.tlog\cl.command.1.tlog
f:\newroot\pl\myydpl\myydpl\plcommon\release\plcommon.tlog\cl.read.1.tlog
f:\newroot\pl\myydpl\myydpl\plcommon\release\plcommon.tlog\cl.write.1.tlog
f:\newroot\pl\myydpl\myydpl\plcommon\release\plcommon.tlog\link.command.1.tlog
f:\newroot\pl\myydpl\myydpl\plcommon\release\plcommon.tlog\link.read.1.tlog
f:\newroot\pl\myydpl\myydpl\plcommon\release\plcommon.tlog\link.write.1.tlog
f:\newroot\pl\myydpl\myydpl\plcommon\release\plcommon.tlog\plcommon.write.1u.tlog
